[2.604s] Invoking command in '/home/randy/Documents/Robotica/workspace/build/examples_rclpy_pointcloud_publisher': PYTHONPATH=/home/randy/Documents/Robotica/workspace/build/examples_rclpy_pointcloud_publisher/prefix_override:/home/randy/Documents/Robotica/workspace/install/examples_rclpy_pointcloud_publisher/lib/python3.10/site-packages:${PYTHONPATH} /usr/bin/python3 setup.py develop --editable --build-directory /home/randy/Documents/Robotica/workspace/build/examples_rclpy_pointcloud_publisher/build --no-deps install_data
[2.954s] running develop
[2.955s] /usr/lib/python3/dist-packages/setuptools/command/easy_install.py:158: EasyInstallDeprecationWarning: easy_install command is deprecated. Use build and pip and other standards-based tools.
[2.955s]   warnings.warn(
[2.957s] /usr/lib/python3/dist-packages/setuptools/command/install.py:34: SetuptoolsDeprecationWarning: setup.py install is deprecated. Use build and pip and other standards-based tools.
[2.957s]   warnings.warn(
[3.203s] running egg_info
[3.203s] creating examples_rclpy_pointcloud_publisher.egg-info
[3.204s] writing examples_rclpy_pointcloud_publisher.egg-info/PKG-INFO
[3.204s] writing dependency_links to examples_rclpy_pointcloud_publisher.egg-info/dependency_links.txt
[3.204s] writing entry points to examples_rclpy_pointcloud_publisher.egg-info/entry_points.txt
[3.205s] writing requirements to examples_rclpy_pointcloud_publisher.egg-info/requires.txt
[3.205s] writing top-level names to examples_rclpy_pointcloud_publisher.egg-info/top_level.txt
[3.206s] writing manifest file 'examples_rclpy_pointcloud_publisher.egg-info/SOURCES.txt'
[3.208s] reading manifest file 'examples_rclpy_pointcloud_publisher.egg-info/SOURCES.txt'
[3.209s] writing manifest file 'examples_rclpy_pointcloud_publisher.egg-info/SOURCES.txt'
[3.212s] running build_ext
[3.212s] Creating /home/randy/Documents/Robotica/workspace/install/examples_rclpy_pointcloud_publisher/lib/python3.10/site-packages/examples-rclpy-pointcloud-publisher.egg-link (link to .)
[3.213s] Installing pointcloud_publisher script to /home/randy/Documents/Robotica/workspace/install/examples_rclpy_pointcloud_publisher/lib/examples_rclpy_pointcloud_publisher
[3.213s] 
[3.214s] Installed /home/randy/Documents/Robotica/workspace/build/examples_rclpy_pointcloud_publisher
[3.214s] running install_data
[3.214s] creating /home/randy/Documents/Robotica/workspace/install/examples_rclpy_pointcloud_publisher/share/ament_index
[3.215s] creating /home/randy/Documents/Robotica/workspace/install/examples_rclpy_pointcloud_publisher/share/ament_index/resource_index
[3.215s] creating /home/randy/Documents/Robotica/workspace/install/examples_rclpy_pointcloud_publisher/share/ament_index/resource_index/packages
[3.215s] copying resource/examples_rclpy_pointcloud_publisher -> /home/randy/Documents/Robotica/workspace/install/examples_rclpy_pointcloud_publisher/share/ament_index/resource_index/packages
[3.216s] copying package.xml -> /home/randy/Documents/Robotica/workspace/install/examples_rclpy_pointcloud_publisher/share/examples_rclpy_pointcloud_publisher
[3.301s] Invoked command in '/home/randy/Documents/Robotica/workspace/build/examples_rclpy_pointcloud_publisher' returned '0': PYTHONPATH=/home/randy/Documents/Robotica/workspace/build/examples_rclpy_pointcloud_publisher/prefix_override:/home/randy/Documents/Robotica/workspace/install/examples_rclpy_pointcloud_publisher/lib/python3.10/site-packages:${PYTHONPATH} /usr/bin/python3 setup.py develop --editable --build-directory /home/randy/Documents/Robotica/workspace/build/examples_rclpy_pointcloud_publisher/build --no-deps install_data
