[0.382s] Invoking command in '/home/randy/Documents/Robotica/workspace/build/examples_rclcpp_minimal_client': CMAKE_PREFIX_PATH=/opt/ros/iron /usr/bin/cmake /home/randy/Documents/Robotica/workspace/src/examples/rclcpp/services/minimal_client -DAMENT_CMAKE_SYMLINK_INSTALL=1 -DCMAKE_INSTALL_PREFIX=/home/randy/Documents/Robotica/workspace/install/examples_rclcpp_minimal_client
[0.586s] -- The C compiler identification is GNU 11.4.0
[0.743s] -- The CXX compiler identification is GNU 11.4.0
[0.759s] -- Detecting C compiler ABI info
[0.916s] -- Detecting C compiler ABI info - done
[0.941s] -- Check for working C compiler: /usr/bin/cc - skipped
[0.941s] -- Detecting C compile features
[0.942s] -- Detecting C compile features - done
[0.949s] -- Detecting CXX compiler ABI info
[1.125s] -- Detecting CXX compiler ABI info - done
[1.156s] -- Check for working CXX compiler: /usr/bin/c++ - skipped
[1.157s] -- Detecting CXX compile features
[1.157s] -- Detecting CXX compile features - done
[1.176s] -- Found ament_cmake: 2.0.3 (/opt/ros/iron/share/ament_cmake/cmake)
[1.614s] -- Found Python3: /usr/bin/python3.10 (found version "3.10.12") found components: Interpreter 
[1.773s] -- Override CMake install command with custom implementation using symlinks instead of copying resources
[1.815s] -- Found example_interfaces: 0.10.2 (/opt/ros/iron/share/example_interfaces/cmake)
[1.914s] -- Found rosidl_generator_c: 4.0.1 (/opt/ros/iron/share/rosidl_generator_c/cmake)
[1.943s] -- Found rosidl_generator_cpp: 4.0.1 (/opt/ros/iron/share/rosidl_generator_cpp/cmake)
[1.987s] -- Using all available rosidl_typesupport_c: rosidl_typesupport_fastrtps_c;rosidl_typesupport_introspection_c
[2.034s] -- Using all available rosidl_typesupport_cpp: rosidl_typesupport_fastrtps_cpp;rosidl_typesupport_introspection_cpp
[2.790s] -- Found rclcpp: 21.0.4 (/opt/ros/iron/share/rclcpp/cmake)
[3.085s] -- Found rmw_implementation_cmake: 7.1.0 (/opt/ros/iron/share/rmw_implementation_cmake/cmake)
[3.089s] -- Found rmw_fastrtps_cpp: 7.1.2 (/opt/ros/iron/share/rmw_fastrtps_cpp/cmake)
[3.317s] -- Found OpenSSL: /usr/lib/x86_64-linux-gnu/libcrypto.so (found version "3.0.2")  
[3.386s] -- Found FastRTPS: /opt/ros/iron/include  
[3.489s] -- Using RMW implementation 'rmw_fastrtps_cpp' as default
[4.012s] -- Found ament_lint_auto: 0.14.2 (/opt/ros/iron/share/ament_lint_auto/cmake)
[4.422s] -- Added test 'copyright' to check source files copyright and LICENSE
[4.432s] -- Added test 'cppcheck' to perform static code analysis on C / C++ code
[4.433s] -- Configured cppcheck include dirs: 
[4.433s] -- Configured cppcheck exclude dirs and/or files: 
[4.434s] -- Added test 'cpplint' to check C / C++ code against the Google style
[4.435s] -- Configured cpplint exclude dirs and/or files: 
[4.436s] -- Added test 'lint_cmake' to check CMake code style
[4.443s] -- Added test 'uncrustify' to check C / C++ code style
[4.443s] -- Configured uncrustify additional arguments: 
[4.444s] -- Added test 'xmllint' to check XML markup files
[4.447s] -- Configuring done
[4.507s] -- Generating done
[4.511s] -- Build files have been written to: /home/randy/Documents/Robotica/workspace/build/examples_rclcpp_minimal_client
[4.594s] Invoked command in '/home/randy/Documents/Robotica/workspace/build/examples_rclcpp_minimal_client' returned '0': CMAKE_PREFIX_PATH=/opt/ros/iron /usr/bin/cmake /home/randy/Documents/Robotica/workspace/src/examples/rclcpp/services/minimal_client -DAMENT_CMAKE_SYMLINK_INSTALL=1 -DCMAKE_INSTALL_PREFIX=/home/randy/Documents/Robotica/workspace/install/examples_rclcpp_minimal_client
[4.595s] Invoking command in '/home/randy/Documents/Robotica/workspace/build/examples_rclcpp_minimal_client': CMAKE_PREFIX_PATH=/opt/ros/iron /usr/bin/cmake --build /home/randy/Documents/Robotica/workspace/build/examples_rclcpp_minimal_client -- -j12 -l12
[5.916s] [ 50%] [32mBuilding CXX object CMakeFiles/client_main.dir/main.cpp.o[0m
[30.478s] [100%] [32m[1mLinking CXX executable client_main[0m
[31.335s] [100%] Built target client_main
[31.442s] Invoked command in '/home/randy/Documents/Robotica/workspace/build/examples_rclcpp_minimal_client' returned '0': CMAKE_PREFIX_PATH=/opt/ros/iron /usr/bin/cmake --build /home/randy/Documents/Robotica/workspace/build/examples_rclcpp_minimal_client -- -j12 -l12
[31.754s] Invoking command in '/home/randy/Documents/Robotica/workspace/build/examples_rclcpp_minimal_client': CMAKE_PREFIX_PATH=/opt/ros/iron /usr/bin/cmake --install /home/randy/Documents/Robotica/workspace/build/examples_rclcpp_minimal_client
[35.806s] -- Install configuration: ""
[35.806s] -- Execute custom install script
[35.806s] -- Symlinking: /home/randy/Documents/Robotica/workspace/install/examples_rclcpp_minimal_client/lib/examples_rclcpp_minimal_client/client_main
[35.806s] -- Symlinking: /home/randy/Documents/Robotica/workspace/install/examples_rclcpp_minimal_client/share/ament_index/resource_index/package_run_dependencies/examples_rclcpp_minimal_client
[35.806s] -- Symlinking: /home/randy/Documents/Robotica/workspace/install/examples_rclcpp_minimal_client/share/ament_index/resource_index/parent_prefix_path/examples_rclcpp_minimal_client
[35.806s] -- Symlinking: /home/randy/Documents/Robotica/workspace/install/examples_rclcpp_minimal_client/share/examples_rclcpp_minimal_client/environment/ament_prefix_path.sh
[35.807s] -- Symlinking: /home/randy/Documents/Robotica/workspace/install/examples_rclcpp_minimal_client/share/examples_rclcpp_minimal_client/environment/ament_prefix_path.dsv
[35.807s] -- Symlinking: /home/randy/Documents/Robotica/workspace/install/examples_rclcpp_minimal_client/share/examples_rclcpp_minimal_client/environment/path.sh
[35.807s] -- Symlinking: /home/randy/Documents/Robotica/workspace/install/examples_rclcpp_minimal_client/share/examples_rclcpp_minimal_client/environment/path.dsv
[35.807s] -- Symlinking: /home/randy/Documents/Robotica/workspace/install/examples_rclcpp_minimal_client/share/examples_rclcpp_minimal_client/local_setup.bash
[35.807s] -- Symlinking: /home/randy/Documents/Robotica/workspace/install/examples_rclcpp_minimal_client/share/examples_rclcpp_minimal_client/local_setup.sh
[35.807s] -- Symlinking: /home/randy/Documents/Robotica/workspace/install/examples_rclcpp_minimal_client/share/examples_rclcpp_minimal_client/local_setup.zsh
[35.808s] -- Symlinking: /home/randy/Documents/Robotica/workspace/install/examples_rclcpp_minimal_client/share/examples_rclcpp_minimal_client/local_setup.dsv
[35.808s] -- Symlinking: /home/randy/Documents/Robotica/workspace/install/examples_rclcpp_minimal_client/share/examples_rclcpp_minimal_client/package.dsv
[35.808s] -- Symlinking: /home/randy/Documents/Robotica/workspace/install/examples_rclcpp_minimal_client/share/ament_index/resource_index/packages/examples_rclcpp_minimal_client
[35.808s] -- Symlinking: /home/randy/Documents/Robotica/workspace/install/examples_rclcpp_minimal_client/share/examples_rclcpp_minimal_client/cmake/examples_rclcpp_minimal_clientConfig.cmake
[35.808s] -- Symlinking: /home/randy/Documents/Robotica/workspace/install/examples_rclcpp_minimal_client/share/examples_rclcpp_minimal_client/cmake/examples_rclcpp_minimal_clientConfig-version.cmake
[35.808s] -- Symlinking: /home/randy/Documents/Robotica/workspace/install/examples_rclcpp_minimal_client/share/examples_rclcpp_minimal_client/package.xml
[36.176s] Invoked command in '/home/randy/Documents/Robotica/workspace/build/examples_rclcpp_minimal_client' returned '0': CMAKE_PREFIX_PATH=/opt/ros/iron /usr/bin/cmake --install /home/randy/Documents/Robotica/workspace/build/examples_rclcpp_minimal_client
