[2.526s] Invoking command in '/home/randy/Documents/Robotica/workspace/build/examples_rclpy_minimal_client': PYTHONPATH=/home/randy/Documents/Robotica/workspace/build/examples_rclpy_minimal_client/prefix_override:/home/randy/Documents/Robotica/workspace/install/examples_rclpy_minimal_client/lib/python3.10/site-packages:${PYTHONPATH} /usr/bin/python3 setup.py develop --editable --build-directory /home/randy/Documents/Robotica/workspace/build/examples_rclpy_minimal_client/build --no-deps install_data
[3.237s] running develop
[3.238s] /usr/lib/python3/dist-packages/setuptools/command/easy_install.py:158: EasyInstallDeprecationWarning: easy_install command is deprecated. Use build and pip and other standards-based tools.
[3.238s]   warnings.warn(
[3.238s] /usr/lib/python3/dist-packages/setuptools/command/install.py:34: SetuptoolsDeprecationWarning: setup.py install is deprecated. Use build and pip and other standards-based tools.
[3.239s]   warnings.warn(
[3.341s] running egg_info
[3.341s] creating examples_rclpy_minimal_client.egg-info
[3.341s] writing examples_rclpy_minimal_client.egg-info/PKG-INFO
[3.341s] writing dependency_links to examples_rclpy_minimal_client.egg-info/dependency_links.txt
[3.342s] writing entry points to examples_rclpy_minimal_client.egg-info/entry_points.txt
[3.342s] writing requirements to examples_rclpy_minimal_client.egg-info/requires.txt
[3.342s] writing top-level names to examples_rclpy_minimal_client.egg-info/top_level.txt
[3.343s] writing manifest file 'examples_rclpy_minimal_client.egg-info/SOURCES.txt'
[3.344s] reading manifest file 'examples_rclpy_minimal_client.egg-info/SOURCES.txt'
[3.346s] writing manifest file 'examples_rclpy_minimal_client.egg-info/SOURCES.txt'
[3.348s] running build_ext
[3.348s] Creating /home/randy/Documents/Robotica/workspace/install/examples_rclpy_minimal_client/lib/python3.10/site-packages/examples-rclpy-minimal-client.egg-link (link to .)
[3.349s] Installing client script to /home/randy/Documents/Robotica/workspace/install/examples_rclpy_minimal_client/lib/examples_rclpy_minimal_client
[3.350s] Installing client_async script to /home/randy/Documents/Robotica/workspace/install/examples_rclpy_minimal_client/lib/examples_rclpy_minimal_client
[3.350s] Installing client_async_callback script to /home/randy/Documents/Robotica/workspace/install/examples_rclpy_minimal_client/lib/examples_rclpy_minimal_client
[3.350s] Installing client_async_member_function script to /home/randy/Documents/Robotica/workspace/install/examples_rclpy_minimal_client/lib/examples_rclpy_minimal_client
[3.351s] 
[3.351s] Installed /home/randy/Documents/Robotica/workspace/build/examples_rclpy_minimal_client
[3.351s] running install_data
[3.351s] creating /home/randy/Documents/Robotica/workspace/install/examples_rclpy_minimal_client/share/ament_index
[3.352s] creating /home/randy/Documents/Robotica/workspace/install/examples_rclpy_minimal_client/share/ament_index/resource_index
[3.352s] creating /home/randy/Documents/Robotica/workspace/install/examples_rclpy_minimal_client/share/ament_index/resource_index/packages
[3.352s] copying resource/examples_rclpy_minimal_client -> /home/randy/Documents/Robotica/workspace/install/examples_rclpy_minimal_client/share/ament_index/resource_index/packages
[3.352s] copying package.xml -> /home/randy/Documents/Robotica/workspace/install/examples_rclpy_minimal_client/share/examples_rclpy_minimal_client
[4.961s] Invoked command in '/home/randy/Documents/Robotica/workspace/build/examples_rclpy_minimal_client' returned '0': PYTHONPATH=/home/randy/Documents/Robotica/workspace/build/examples_rclpy_minimal_client/prefix_override:/home/randy/Documents/Robotica/workspace/install/examples_rclpy_minimal_client/lib/python3.10/site-packages:${PYTHONPATH} /usr/bin/python3 setup.py develop --editable --build-directory /home/randy/Documents/Robotica/workspace/build/examples_rclpy_minimal_client/build --no-deps install_data
