[0.175s] Invoking command in '/home/randy/Documents/Robotica/workspace/build/examples_rclcpp_minimal_timer': CMAKE_PREFIX_PATH=/opt/ros/iron /usr/bin/cmake /home/randy/Documents/Robotica/workspace/src/examples/rclcpp/timers/minimal_timer -DAMENT_CMAKE_SYMLINK_INSTALL=1 -DCMAKE_INSTALL_PREFIX=/home/randy/Documents/Robotica/workspace/install/examples_rclcpp_minimal_timer
[3.629s] -- The C compiler identification is GNU 11.4.0
[3.629s] -- The CXX compiler identification is GNU 11.4.0
[3.629s] -- Detecting C compiler ABI info
[3.630s] -- Detecting C compiler ABI info - done
[3.630s] -- Check for working C compiler: /usr/bin/cc - skipped
[3.630s] -- Detecting C compile features
[3.631s] -- Detecting C compile features - done
[3.632s] -- Detecting CXX compiler ABI info
[3.632s] -- Detecting CXX compiler ABI info - done
[3.632s] -- Check for working CXX compiler: /usr/bin/c++ - skipped
[3.633s] -- Detecting CXX compile features
[3.633s] -- Detecting CXX compile features - done
[3.633s] -- Found ament_cmake: 2.0.3 (/opt/ros/iron/share/ament_cmake/cmake)
[3.633s] -- Found Python3: /usr/bin/python3.10 (found version "3.10.12") found components: Interpreter 
[3.633s] -- Override CMake install command with custom implementation using symlinks instead of copying resources
[3.633s] -- Found rclcpp: 21.0.4 (/opt/ros/iron/share/rclcpp/cmake)
[3.633s] -- Found rosidl_generator_c: 4.0.1 (/opt/ros/iron/share/rosidl_generator_c/cmake)
[3.633s] -- Found rosidl_generator_cpp: 4.0.1 (/opt/ros/iron/share/rosidl_generator_cpp/cmake)
[3.634s] -- Using all available rosidl_typesupport_c: rosidl_typesupport_fastrtps_c;rosidl_typesupport_introspection_c
[3.634s] -- Using all available rosidl_typesupport_cpp: rosidl_typesupport_fastrtps_cpp;rosidl_typesupport_introspection_cpp
[3.634s] -- Found rmw_implementation_cmake: 7.1.0 (/opt/ros/iron/share/rmw_implementation_cmake/cmake)
[3.634s] -- Found rmw_fastrtps_cpp: 7.1.2 (/opt/ros/iron/share/rmw_fastrtps_cpp/cmake)
[3.634s] -- Found OpenSSL: /usr/lib/x86_64-linux-gnu/libcrypto.so (found version "3.0.2")  
[3.634s] -- Found FastRTPS: /opt/ros/iron/include  
[3.634s] -- Using RMW implementation 'rmw_fastrtps_cpp' as default
[3.635s] -- Found ament_lint_auto: 0.14.2 (/opt/ros/iron/share/ament_lint_auto/cmake)
[3.635s] -- Added test 'copyright' to check source files copyright and LICENSE
[3.635s] -- Added test 'cppcheck' to perform static code analysis on C / C++ code
[3.635s] -- Configured cppcheck include dirs: 
[3.635s] -- Configured cppcheck exclude dirs and/or files: 
[3.635s] -- Added test 'cpplint' to check C / C++ code against the Google style
[3.635s] -- Configured cpplint exclude dirs and/or files: 
[3.636s] -- Added test 'lint_cmake' to check CMake code style
[3.636s] -- Added test 'uncrustify' to check C / C++ code style
[3.636s] -- Configured uncrustify additional arguments: 
[3.636s] -- Added test 'xmllint' to check XML markup files
[3.636s] -- Configuring done
[3.637s] -- Generating done
[3.637s] -- Build files have been written to: /home/randy/Documents/Robotica/workspace/build/examples_rclcpp_minimal_timer
[3.654s] Invoked command in '/home/randy/Documents/Robotica/workspace/build/examples_rclcpp_minimal_timer' returned '0': CMAKE_PREFIX_PATH=/opt/ros/iron /usr/bin/cmake /home/randy/Documents/Robotica/workspace/src/examples/rclcpp/timers/minimal_timer -DAMENT_CMAKE_SYMLINK_INSTALL=1 -DCMAKE_INSTALL_PREFIX=/home/randy/Documents/Robotica/workspace/install/examples_rclcpp_minimal_timer
[3.655s] Invoking command in '/home/randy/Documents/Robotica/workspace/build/examples_rclcpp_minimal_timer': CMAKE_PREFIX_PATH=/opt/ros/iron /usr/bin/cmake --build /home/randy/Documents/Robotica/workspace/build/examples_rclcpp_minimal_timer -- -j12 -l12
[4.329s] [ 25%] [32mBuilding CXX object CMakeFiles/timer_lambda.dir/lambda.cpp.o[0m
[4.330s] [ 50%] [32mBuilding CXX object CMakeFiles/timer_member_function.dir/member_function.cpp.o[0m
[28.763s] [ 75%] [32m[1mLinking CXX executable timer_lambda[0m
[29.825s] [ 75%] Built target timer_lambda
[29.886s] [100%] [32m[1mLinking CXX executable timer_member_function[0m
[30.346s] [100%] Built target timer_member_function
[30.380s] Invoked command in '/home/randy/Documents/Robotica/workspace/build/examples_rclcpp_minimal_timer' returned '0': CMAKE_PREFIX_PATH=/opt/ros/iron /usr/bin/cmake --build /home/randy/Documents/Robotica/workspace/build/examples_rclcpp_minimal_timer -- -j12 -l12
[30.949s] Invoking command in '/home/randy/Documents/Robotica/workspace/build/examples_rclcpp_minimal_timer': CMAKE_PREFIX_PATH=/opt/ros/iron /usr/bin/cmake --install /home/randy/Documents/Robotica/workspace/build/examples_rclcpp_minimal_timer
[35.565s] -- Install configuration: ""
[35.565s] -- Execute custom install script
[35.566s] -- Symlinking: /home/randy/Documents/Robotica/workspace/install/examples_rclcpp_minimal_timer/lib/examples_rclcpp_minimal_timer/timer_lambda
[35.578s] -- Symlinking: /home/randy/Documents/Robotica/workspace/install/examples_rclcpp_minimal_timer/lib/examples_rclcpp_minimal_timer/timer_member_function
[35.578s] -- Symlinking: /home/randy/Documents/Robotica/workspace/install/examples_rclcpp_minimal_timer/share/ament_index/resource_index/package_run_dependencies/examples_rclcpp_minimal_timer
[35.579s] -- Symlinking: /home/randy/Documents/Robotica/workspace/install/examples_rclcpp_minimal_timer/share/ament_index/resource_index/parent_prefix_path/examples_rclcpp_minimal_timer
[35.579s] -- Symlinking: /home/randy/Documents/Robotica/workspace/install/examples_rclcpp_minimal_timer/share/examples_rclcpp_minimal_timer/environment/ament_prefix_path.sh
[35.579s] -- Symlinking: /home/randy/Documents/Robotica/workspace/install/examples_rclcpp_minimal_timer/share/examples_rclcpp_minimal_timer/environment/ament_prefix_path.dsv
[35.580s] -- Symlinking: /home/randy/Documents/Robotica/workspace/install/examples_rclcpp_minimal_timer/share/examples_rclcpp_minimal_timer/environment/path.sh
[35.580s] -- Symlinking: /home/randy/Documents/Robotica/workspace/install/examples_rclcpp_minimal_timer/share/examples_rclcpp_minimal_timer/environment/path.dsv
[35.580s] -- Symlinking: /home/randy/Documents/Robotica/workspace/install/examples_rclcpp_minimal_timer/share/examples_rclcpp_minimal_timer/local_setup.bash
[35.580s] -- Symlinking: /home/randy/Documents/Robotica/workspace/install/examples_rclcpp_minimal_timer/share/examples_rclcpp_minimal_timer/local_setup.sh
[35.580s] -- Symlinking: /home/randy/Documents/Robotica/workspace/install/examples_rclcpp_minimal_timer/share/examples_rclcpp_minimal_timer/local_setup.zsh
[35.580s] -- Symlinking: /home/randy/Documents/Robotica/workspace/install/examples_rclcpp_minimal_timer/share/examples_rclcpp_minimal_timer/local_setup.dsv
[35.580s] -- Symlinking: /home/randy/Documents/Robotica/workspace/install/examples_rclcpp_minimal_timer/share/examples_rclcpp_minimal_timer/package.dsv
[35.581s] -- Symlinking: /home/randy/Documents/Robotica/workspace/install/examples_rclcpp_minimal_timer/share/ament_index/resource_index/packages/examples_rclcpp_minimal_timer
[35.581s] -- Symlinking: /home/randy/Documents/Robotica/workspace/install/examples_rclcpp_minimal_timer/share/examples_rclcpp_minimal_timer/cmake/examples_rclcpp_minimal_timerConfig.cmake
[35.581s] -- Symlinking: /home/randy/Documents/Robotica/workspace/install/examples_rclcpp_minimal_timer/share/examples_rclcpp_minimal_timer/cmake/examples_rclcpp_minimal_timerConfig-version.cmake
[35.581s] -- Symlinking: /home/randy/Documents/Robotica/workspace/install/examples_rclcpp_minimal_timer/share/examples_rclcpp_minimal_timer/package.xml
[35.604s] Invoked command in '/home/randy/Documents/Robotica/workspace/build/examples_rclcpp_minimal_timer' returned '0': CMAKE_PREFIX_PATH=/opt/ros/iron /usr/bin/cmake --install /home/randy/Documents/Robotica/workspace/build/examples_rclcpp_minimal_timer
