[0.467s] Invoking command in '/home/randy/Documents/Robotica/workspace/build/examples_rclcpp_minimal_action_client': CMAKE_PREFIX_PATH=/opt/ros/iron /usr/bin/cmake /home/randy/Documents/Robotica/workspace/src/examples/rclcpp/actions/minimal_action_client -DAMENT_CMAKE_SYMLINK_INSTALL=1 -DCMAKE_INSTALL_PREFIX=/home/randy/Documents/Robotica/workspace/install/examples_rclcpp_minimal_action_client
[0.681s] -- The C compiler identification is GNU 11.4.0
[0.841s] -- The CXX compiler identification is GNU 11.4.0
[0.857s] -- Detecting C compiler ABI info
[1.022s] -- Detecting C compiler ABI info - done
[1.043s] -- Check for working C compiler: /usr/bin/cc - skipped
[1.043s] -- Detecting C compile features
[1.043s] -- Detecting C compile features - done
[1.049s] -- Detecting CXX compiler ABI info
[1.250s] -- Detecting CXX compiler ABI info - done
[1.272s] -- Check for working CXX compiler: /usr/bin/c++ - skipped
[1.273s] -- Detecting CXX compile features
[1.275s] -- Detecting CXX compile features - done
[1.279s] -- Found ament_cmake: 2.0.3 (/opt/ros/iron/share/ament_cmake/cmake)
[1.714s] -- Found Python3: /usr/bin/python3.10 (found version "3.10.12") found components: Interpreter 
[1.871s] -- Override CMake install command with custom implementation using symlinks instead of copying resources
[1.914s] -- Found example_interfaces: 0.10.2 (/opt/ros/iron/share/example_interfaces/cmake)
[2.008s] -- Found rosidl_generator_c: 4.0.1 (/opt/ros/iron/share/rosidl_generator_c/cmake)
[2.036s] -- Found rosidl_generator_cpp: 4.0.1 (/opt/ros/iron/share/rosidl_generator_cpp/cmake)
[2.082s] -- Using all available rosidl_typesupport_c: rosidl_typesupport_fastrtps_c;rosidl_typesupport_introspection_c
[2.128s] -- Using all available rosidl_typesupport_cpp: rosidl_typesupport_fastrtps_cpp;rosidl_typesupport_introspection_cpp
[2.863s] -- Found rclcpp: 21.0.4 (/opt/ros/iron/share/rclcpp/cmake)
[3.166s] -- Found rmw_implementation_cmake: 7.1.0 (/opt/ros/iron/share/rmw_implementation_cmake/cmake)
[3.171s] -- Found rmw_fastrtps_cpp: 7.1.2 (/opt/ros/iron/share/rmw_fastrtps_cpp/cmake)
[3.392s] -- Found OpenSSL: /usr/lib/x86_64-linux-gnu/libcrypto.so (found version "3.0.2")  
[3.503s] -- Found FastRTPS: /opt/ros/iron/include  
[3.587s] -- Using RMW implementation 'rmw_fastrtps_cpp' as default
[4.058s] -- Found rclcpp_action: 21.0.4 (/opt/ros/iron/share/rclcpp_action/cmake)
[4.189s] -- Found ament_lint_auto: 0.14.2 (/opt/ros/iron/share/ament_lint_auto/cmake)
[4.446s] -- Added test 'copyright' to check source files copyright and LICENSE
[4.456s] -- Added test 'cppcheck' to perform static code analysis on C / C++ code
[4.457s] -- Configured cppcheck include dirs: 
[4.457s] -- Configured cppcheck exclude dirs and/or files: 
[4.459s] -- Added test 'cpplint' to check C / C++ code against the Google style
[4.459s] -- Configured cpplint exclude dirs and/or files: 
[4.468s] -- Added test 'lint_cmake' to check CMake code style
[4.471s] -- Added test 'uncrustify' to check C / C++ code style
[4.471s] -- Configured uncrustify additional arguments: 
[4.472s] -- Added test 'xmllint' to check XML markup files
[4.478s] -- Configuring done
[4.605s] -- Generating done
[4.613s] -- Build files have been written to: /home/randy/Documents/Robotica/workspace/build/examples_rclcpp_minimal_action_client
[4.710s] Invoked command in '/home/randy/Documents/Robotica/workspace/build/examples_rclcpp_minimal_action_client' returned '0': CMAKE_PREFIX_PATH=/opt/ros/iron /usr/bin/cmake /home/randy/Documents/Robotica/workspace/src/examples/rclcpp/actions/minimal_action_client -DAMENT_CMAKE_SYMLINK_INSTALL=1 -DCMAKE_INSTALL_PREFIX=/home/randy/Documents/Robotica/workspace/install/examples_rclcpp_minimal_action_client
[4.711s] Invoking command in '/home/randy/Documents/Robotica/workspace/build/examples_rclcpp_minimal_action_client': CMAKE_PREFIX_PATH=/opt/ros/iron /usr/bin/cmake --build /home/randy/Documents/Robotica/workspace/build/examples_rclcpp_minimal_action_client -- -j12 -l12
[30.689s] [ 12%] [32mBuilding CXX object CMakeFiles/action_client_not_composable.dir/not_composable.cpp.o[0m
[30.689s] [ 25%] [32mBuilding CXX object CMakeFiles/action_client_member_functions.dir/member_functions.cpp.o[0m
[30.689s] [ 37%] [32mBuilding CXX object CMakeFiles/action_client_not_composable_with_feedback.dir/not_composable_with_feedback.cpp.o[0m
[30.689s] [ 50%] [32mBuilding CXX object CMakeFiles/action_client_not_composable_with_cancel.dir/not_composable_with_cancel.cpp.o[0m
[33.879s] [ 62%] [32m[1mLinking CXX executable action_client_not_composable_with_feedback[0m
[34.771s] [ 62%] Built target action_client_not_composable_with_feedback
[35.802s] [ 75%] [32m[1mLinking CXX executable action_client_not_composable_with_cancel[0m
[36.368s] [ 87%] [32m[1mLinking CXX executable action_client_not_composable[0m
[36.775s] [ 87%] Built target action_client_not_composable_with_cancel
[36.847s] [100%] [32m[1mLinking CXX executable action_client_member_functions[0m
[36.940s] [100%] Built target action_client_not_composable
[37.462s] [100%] Built target action_client_member_functions
[38.373s] Invoked command in '/home/randy/Documents/Robotica/workspace/build/examples_rclcpp_minimal_action_client' returned '0': CMAKE_PREFIX_PATH=/opt/ros/iron /usr/bin/cmake --build /home/randy/Documents/Robotica/workspace/build/examples_rclcpp_minimal_action_client -- -j12 -l12
[41.004s] Invoking command in '/home/randy/Documents/Robotica/workspace/build/examples_rclcpp_minimal_action_client': CMAKE_PREFIX_PATH=/opt/ros/iron /usr/bin/cmake --install /home/randy/Documents/Robotica/workspace/build/examples_rclcpp_minimal_action_client
[42.189s] -- Install configuration: ""
[42.189s] -- Execute custom install script
[42.189s] -- Symlinking: /home/randy/Documents/Robotica/workspace/install/examples_rclcpp_minimal_action_client/lib/examples_rclcpp_minimal_action_client/action_client_member_functions
[42.190s] -- Symlinking: /home/randy/Documents/Robotica/workspace/install/examples_rclcpp_minimal_action_client/lib/examples_rclcpp_minimal_action_client/action_client_not_composable
[42.190s] -- Symlinking: /home/randy/Documents/Robotica/workspace/install/examples_rclcpp_minimal_action_client/lib/examples_rclcpp_minimal_action_client/action_client_not_composable_with_cancel
[42.191s] -- Symlinking: /home/randy/Documents/Robotica/workspace/install/examples_rclcpp_minimal_action_client/lib/examples_rclcpp_minimal_action_client/action_client_not_composable_with_feedback
[42.193s] -- Symlinking: /home/randy/Documents/Robotica/workspace/install/examples_rclcpp_minimal_action_client/share/ament_index/resource_index/package_run_dependencies/examples_rclcpp_minimal_action_client
[42.194s] -- Symlinking: /home/randy/Documents/Robotica/workspace/install/examples_rclcpp_minimal_action_client/share/ament_index/resource_index/parent_prefix_path/examples_rclcpp_minimal_action_client
[42.194s] -- Symlinking: /home/randy/Documents/Robotica/workspace/install/examples_rclcpp_minimal_action_client/share/examples_rclcpp_minimal_action_client/environment/ament_prefix_path.sh
[42.195s] -- Symlinking: /home/randy/Documents/Robotica/workspace/install/examples_rclcpp_minimal_action_client/share/examples_rclcpp_minimal_action_client/environment/ament_prefix_path.dsv
[42.196s] -- Symlinking: /home/randy/Documents/Robotica/workspace/install/examples_rclcpp_minimal_action_client/share/examples_rclcpp_minimal_action_client/environment/path.sh
[42.196s] -- Symlinking: /home/randy/Documents/Robotica/workspace/install/examples_rclcpp_minimal_action_client/share/examples_rclcpp_minimal_action_client/environment/path.dsv
[42.196s] -- Symlinking: /home/randy/Documents/Robotica/workspace/install/examples_rclcpp_minimal_action_client/share/examples_rclcpp_minimal_action_client/local_setup.bash
[42.199s] -- Symlinking: /home/randy/Documents/Robotica/workspace/install/examples_rclcpp_minimal_action_client/share/examples_rclcpp_minimal_action_client/local_setup.sh
[42.200s] -- Symlinking: /home/randy/Documents/Robotica/workspace/install/examples_rclcpp_minimal_action_client/share/examples_rclcpp_minimal_action_client/local_setup.zsh
[42.200s] -- Symlinking: /home/randy/Documents/Robotica/workspace/install/examples_rclcpp_minimal_action_client/share/examples_rclcpp_minimal_action_client/local_setup.dsv
[42.201s] -- Symlinking: /home/randy/Documents/Robotica/workspace/install/examples_rclcpp_minimal_action_client/share/examples_rclcpp_minimal_action_client/package.dsv
[42.201s] -- Symlinking: /home/randy/Documents/Robotica/workspace/install/examples_rclcpp_minimal_action_client/share/ament_index/resource_index/packages/examples_rclcpp_minimal_action_client
[42.202s] -- Symlinking: /home/randy/Documents/Robotica/workspace/install/examples_rclcpp_minimal_action_client/share/examples_rclcpp_minimal_action_client/cmake/examples_rclcpp_minimal_action_clientConfig.cmake
[42.202s] -- Symlinking: /home/randy/Documents/Robotica/workspace/install/examples_rclcpp_minimal_action_client/share/examples_rclcpp_minimal_action_client/cmake/examples_rclcpp_minimal_action_clientConfig-version.cmake
[42.203s] -- Symlinking: /home/randy/Documents/Robotica/workspace/install/examples_rclcpp_minimal_action_client/share/examples_rclcpp_minimal_action_client/package.xml
[42.360s] Invoked command in '/home/randy/Documents/Robotica/workspace/build/examples_rclcpp_minimal_action_client' returned '0': CMAKE_PREFIX_PATH=/opt/ros/iron /usr/bin/cmake --install /home/randy/Documents/Robotica/workspace/build/examples_rclcpp_minimal_action_client
