[4.360s] Invoking command in '/home/randy/Documents/Robotica/workspace/build/examples_rclpy_minimal_action_server': PYTHONPATH=/home/randy/Documents/Robotica/workspace/build/examples_rclpy_minimal_action_server/prefix_override:/home/randy/Documents/Robotica/workspace/install/examples_rclpy_minimal_action_server/lib/python3.10/site-packages:${PYTHONPATH} /usr/bin/python3 setup.py develop --editable --build-directory /home/randy/Documents/Robotica/workspace/build/examples_rclpy_minimal_action_server/build --no-deps install_data
[4.942s] running develop
[4.943s] /usr/lib/python3/dist-packages/setuptools/command/easy_install.py:158: EasyInstallDeprecationWarning: easy_install command is deprecated. Use build and pip and other standards-based tools.
[4.943s]   warnings.warn(
[4.946s] /usr/lib/python3/dist-packages/setuptools/command/install.py:34: SetuptoolsDeprecationWarning: setup.py install is deprecated. Use build and pip and other standards-based tools.
[4.946s]   warnings.warn(
[5.316s] running egg_info
[5.316s] creating examples_rclpy_minimal_action_server.egg-info
[5.317s] writing examples_rclpy_minimal_action_server.egg-info/PKG-INFO
[5.317s] writing dependency_links to examples_rclpy_minimal_action_server.egg-info/dependency_links.txt
[5.317s] writing entry points to examples_rclpy_minimal_action_server.egg-info/entry_points.txt
[5.317s] writing requirements to examples_rclpy_minimal_action_server.egg-info/requires.txt
[5.318s] writing top-level names to examples_rclpy_minimal_action_server.egg-info/top_level.txt
[5.318s] writing manifest file 'examples_rclpy_minimal_action_server.egg-info/SOURCES.txt'
[5.321s] reading manifest file 'examples_rclpy_minimal_action_server.egg-info/SOURCES.txt'
[5.322s] writing manifest file 'examples_rclpy_minimal_action_server.egg-info/SOURCES.txt'
[5.324s] running build_ext
[5.325s] Creating /home/randy/Documents/Robotica/workspace/install/examples_rclpy_minimal_action_server/lib/python3.10/site-packages/examples-rclpy-minimal-action-server.egg-link (link to .)
[5.326s] Installing server script to /home/randy/Documents/Robotica/workspace/install/examples_rclpy_minimal_action_server/lib/examples_rclpy_minimal_action_server
[5.327s] Installing server_defer script to /home/randy/Documents/Robotica/workspace/install/examples_rclpy_minimal_action_server/lib/examples_rclpy_minimal_action_server
[5.327s] Installing server_not_composable script to /home/randy/Documents/Robotica/workspace/install/examples_rclpy_minimal_action_server/lib/examples_rclpy_minimal_action_server
[5.327s] Installing server_queue_goals script to /home/randy/Documents/Robotica/workspace/install/examples_rclpy_minimal_action_server/lib/examples_rclpy_minimal_action_server
[5.327s] Installing server_single_goal script to /home/randy/Documents/Robotica/workspace/install/examples_rclpy_minimal_action_server/lib/examples_rclpy_minimal_action_server
[5.327s] 
[5.328s] Installed /home/randy/Documents/Robotica/workspace/build/examples_rclpy_minimal_action_server
[5.328s] running install_data
[5.328s] creating /home/randy/Documents/Robotica/workspace/install/examples_rclpy_minimal_action_server/share/ament_index
[5.328s] creating /home/randy/Documents/Robotica/workspace/install/examples_rclpy_minimal_action_server/share/ament_index/resource_index
[5.328s] creating /home/randy/Documents/Robotica/workspace/install/examples_rclpy_minimal_action_server/share/ament_index/resource_index/packages
[5.329s] copying resource/examples_rclpy_minimal_action_server -> /home/randy/Documents/Robotica/workspace/install/examples_rclpy_minimal_action_server/share/ament_index/resource_index/packages
[5.329s] copying package.xml -> /home/randy/Documents/Robotica/workspace/install/examples_rclpy_minimal_action_server/share/examples_rclpy_minimal_action_server
[5.730s] Invoked command in '/home/randy/Documents/Robotica/workspace/build/examples_rclpy_minimal_action_server' returned '0': PYTHONPATH=/home/randy/Documents/Robotica/workspace/build/examples_rclpy_minimal_action_server/prefix_override:/home/randy/Documents/Robotica/workspace/install/examples_rclpy_minimal_action_server/lib/python3.10/site-packages:${PYTHONPATH} /usr/bin/python3 setup.py develop --editable --build-directory /home/randy/Documents/Robotica/workspace/build/examples_rclpy_minimal_action_server/build --no-deps install_data
