[0.260s] Invoking command in '/home/randy/Documents/Robotica/workspace/build/examples_rclcpp_minimal_service': CMAKE_PREFIX_PATH=/opt/ros/iron /usr/bin/cmake /home/randy/Documents/Robotica/workspace/src/examples/rclcpp/services/minimal_service -DAMENT_CMAKE_SYMLINK_INSTALL=1 -DCMAKE_INSTALL_PREFIX=/home/randy/Documents/Robotica/workspace/install/examples_rclcpp_minimal_service
[0.457s] -- The C compiler identification is GNU 11.4.0
[0.608s] -- The CXX compiler identification is GNU 11.4.0
[0.625s] -- Detecting C compiler ABI info
[0.781s] -- Detecting C compiler ABI info - done
[0.805s] -- Check for working C compiler: /usr/bin/cc - skipped
[0.806s] -- Detecting C compile features
[0.807s] -- Detecting C compile features - done
[0.814s] -- Detecting CXX compiler ABI info
[1.005s] -- Detecting CXX compiler ABI info - done
[1.036s] -- Check for working CXX compiler: /usr/bin/c++ - skipped
[1.038s] -- Detecting CXX compile features
[1.039s] -- Detecting CXX compile features - done
[1.043s] -- Found ament_cmake: 2.0.3 (/opt/ros/iron/share/ament_cmake/cmake)
[1.468s] -- Found Python3: /usr/bin/python3.10 (found version "3.10.12") found components: Interpreter 
[1.632s] -- Override CMake install command with custom implementation using symlinks instead of copying resources
[1.676s] -- Found example_interfaces: 0.10.2 (/opt/ros/iron/share/example_interfaces/cmake)
[1.780s] -- Found rosidl_generator_c: 4.0.1 (/opt/ros/iron/share/rosidl_generator_c/cmake)
[1.808s] -- Found rosidl_generator_cpp: 4.0.1 (/opt/ros/iron/share/rosidl_generator_cpp/cmake)
[1.852s] -- Using all available rosidl_typesupport_c: rosidl_typesupport_fastrtps_c;rosidl_typesupport_introspection_c
[1.899s] -- Using all available rosidl_typesupport_cpp: rosidl_typesupport_fastrtps_cpp;rosidl_typesupport_introspection_cpp
[2.670s] -- Found rclcpp: 21.0.4 (/opt/ros/iron/share/rclcpp/cmake)
[2.987s] -- Found rmw_implementation_cmake: 7.1.0 (/opt/ros/iron/share/rmw_implementation_cmake/cmake)
[2.992s] -- Found rmw_fastrtps_cpp: 7.1.2 (/opt/ros/iron/share/rmw_fastrtps_cpp/cmake)
[3.204s] -- Found OpenSSL: /usr/lib/x86_64-linux-gnu/libcrypto.so (found version "3.0.2")  
[3.269s] -- Found FastRTPS: /opt/ros/iron/include  
[3.363s] -- Using RMW implementation 'rmw_fastrtps_cpp' as default
[3.957s] -- Found ament_lint_auto: 0.14.2 (/opt/ros/iron/share/ament_lint_auto/cmake)
[4.398s] -- Added test 'copyright' to check source files copyright and LICENSE
[4.401s] -- Added test 'cppcheck' to perform static code analysis on C / C++ code
[4.402s] -- Configured cppcheck include dirs: 
[4.403s] -- Configured cppcheck exclude dirs and/or files: 
[4.403s] -- Added test 'cpplint' to check C / C++ code against the Google style
[4.403s] -- Configured cpplint exclude dirs and/or files: 
[4.404s] -- Added test 'lint_cmake' to check CMake code style
[4.406s] -- Added test 'uncrustify' to check C / C++ code style
[4.406s] -- Configured uncrustify additional arguments: 
[4.407s] -- Added test 'xmllint' to check XML markup files
[4.410s] -- Configuring done
[4.483s] -- Generating done
[4.496s] -- Build files have been written to: /home/randy/Documents/Robotica/workspace/build/examples_rclcpp_minimal_service
[4.574s] Invoked command in '/home/randy/Documents/Robotica/workspace/build/examples_rclcpp_minimal_service' returned '0': CMAKE_PREFIX_PATH=/opt/ros/iron /usr/bin/cmake /home/randy/Documents/Robotica/workspace/src/examples/rclcpp/services/minimal_service -DAMENT_CMAKE_SYMLINK_INSTALL=1 -DCMAKE_INSTALL_PREFIX=/home/randy/Documents/Robotica/workspace/install/examples_rclcpp_minimal_service
[4.575s] Invoking command in '/home/randy/Documents/Robotica/workspace/build/examples_rclcpp_minimal_service': CMAKE_PREFIX_PATH=/opt/ros/iron /usr/bin/cmake --build /home/randy/Documents/Robotica/workspace/build/examples_rclcpp_minimal_service -- -j12 -l12
[31.286s] [ 50%] [32mBuilding CXX object CMakeFiles/service_main.dir/main.cpp.o[0m
[31.416s] [100%] [32m[1mLinking CXX executable service_main[0m
[32.196s] [100%] Built target service_main
[32.231s] Invoked command in '/home/randy/Documents/Robotica/workspace/build/examples_rclcpp_minimal_service' returned '0': CMAKE_PREFIX_PATH=/opt/ros/iron /usr/bin/cmake --build /home/randy/Documents/Robotica/workspace/build/examples_rclcpp_minimal_service -- -j12 -l12
[32.618s] Invoking command in '/home/randy/Documents/Robotica/workspace/build/examples_rclcpp_minimal_service': CMAKE_PREFIX_PATH=/opt/ros/iron /usr/bin/cmake --install /home/randy/Documents/Robotica/workspace/build/examples_rclcpp_minimal_service
[35.674s] -- Install configuration: ""
[35.674s] -- Execute custom install script
[35.674s] -- Symlinking: /home/randy/Documents/Robotica/workspace/install/examples_rclcpp_minimal_service/lib/examples_rclcpp_minimal_service/service_main
[35.674s] -- Symlinking: /home/randy/Documents/Robotica/workspace/install/examples_rclcpp_minimal_service/share/ament_index/resource_index/package_run_dependencies/examples_rclcpp_minimal_service
[35.675s] -- Symlinking: /home/randy/Documents/Robotica/workspace/install/examples_rclcpp_minimal_service/share/ament_index/resource_index/parent_prefix_path/examples_rclcpp_minimal_service
[35.675s] -- Symlinking: /home/randy/Documents/Robotica/workspace/install/examples_rclcpp_minimal_service/share/examples_rclcpp_minimal_service/environment/ament_prefix_path.sh
[35.675s] -- Symlinking: /home/randy/Documents/Robotica/workspace/install/examples_rclcpp_minimal_service/share/examples_rclcpp_minimal_service/environment/ament_prefix_path.dsv
[35.675s] -- Symlinking: /home/randy/Documents/Robotica/workspace/install/examples_rclcpp_minimal_service/share/examples_rclcpp_minimal_service/environment/path.sh
[35.675s] -- Symlinking: /home/randy/Documents/Robotica/workspace/install/examples_rclcpp_minimal_service/share/examples_rclcpp_minimal_service/environment/path.dsv
[35.675s] -- Symlinking: /home/randy/Documents/Robotica/workspace/install/examples_rclcpp_minimal_service/share/examples_rclcpp_minimal_service/local_setup.bash
[35.675s] -- Symlinking: /home/randy/Documents/Robotica/workspace/install/examples_rclcpp_minimal_service/share/examples_rclcpp_minimal_service/local_setup.sh
[35.676s] -- Symlinking: /home/randy/Documents/Robotica/workspace/install/examples_rclcpp_minimal_service/share/examples_rclcpp_minimal_service/local_setup.zsh
[35.676s] -- Symlinking: /home/randy/Documents/Robotica/workspace/install/examples_rclcpp_minimal_service/share/examples_rclcpp_minimal_service/local_setup.dsv
[35.676s] -- Symlinking: /home/randy/Documents/Robotica/workspace/install/examples_rclcpp_minimal_service/share/examples_rclcpp_minimal_service/package.dsv
[35.676s] -- Symlinking: /home/randy/Documents/Robotica/workspace/install/examples_rclcpp_minimal_service/share/ament_index/resource_index/packages/examples_rclcpp_minimal_service
[35.676s] -- Symlinking: /home/randy/Documents/Robotica/workspace/install/examples_rclcpp_minimal_service/share/examples_rclcpp_minimal_service/cmake/examples_rclcpp_minimal_serviceConfig.cmake
[35.676s] -- Symlinking: /home/randy/Documents/Robotica/workspace/install/examples_rclcpp_minimal_service/share/examples_rclcpp_minimal_service/cmake/examples_rclcpp_minimal_serviceConfig-version.cmake
[35.677s] -- Symlinking: /home/randy/Documents/Robotica/workspace/install/examples_rclcpp_minimal_service/share/examples_rclcpp_minimal_service/package.xml
[36.265s] Invoked command in '/home/randy/Documents/Robotica/workspace/build/examples_rclcpp_minimal_service' returned '0': CMAKE_PREFIX_PATH=/opt/ros/iron /usr/bin/cmake --install /home/randy/Documents/Robotica/workspace/build/examples_rclcpp_minimal_service
