[0.087s] Invoking command in '/home/randy/Documents/Robotica/workspace/build/examples_rclcpp_wait_set': CMAKE_PREFIX_PATH=/opt/ros/iron /usr/bin/cmake /home/randy/Documents/Robotica/workspace/src/examples/rclcpp/wait_set -DAMENT_CMAKE_SYMLINK_INSTALL=1 -DCMAKE_INSTALL_PREFIX=/home/randy/Documents/Robotica/workspace/install/examples_rclcpp_wait_set
[3.556s] -- The C compiler identification is GNU 11.4.0
[3.556s] -- The CXX compiler identification is GNU 11.4.0
[3.556s] -- Detecting C compiler ABI info
[3.556s] -- Detecting C compiler ABI info - done
[3.556s] -- Check for working C compiler: /usr/bin/cc - skipped
[3.556s] -- Detecting C compile features
[3.556s] -- Detecting C compile features - done
[3.556s] -- Detecting CXX compiler ABI info
[3.557s] -- Detecting CXX compiler ABI info - done
[3.557s] -- Check for working CXX compiler: /usr/bin/c++ - skipped
[3.557s] -- Detecting CXX compile features
[3.557s] -- Detecting CXX compile features - done
[3.558s] -- Found ament_cmake: 2.0.3 (/opt/ros/iron/share/ament_cmake/cmake)
[3.558s] -- Found Python3: /usr/bin/python3.10 (found version "3.10.12") found components: Interpreter 
[3.558s] -- Override CMake install command with custom implementation using symlinks instead of copying resources
[3.560s] -- Found example_interfaces: 0.10.2 (/opt/ros/iron/share/example_interfaces/cmake)
[3.560s] -- Found rosidl_generator_c: 4.0.1 (/opt/ros/iron/share/rosidl_generator_c/cmake)
[3.560s] -- Found rosidl_generator_cpp: 4.0.1 (/opt/ros/iron/share/rosidl_generator_cpp/cmake)
[3.560s] -- Using all available rosidl_typesupport_c: rosidl_typesupport_fastrtps_c;rosidl_typesupport_introspection_c
[3.561s] -- Using all available rosidl_typesupport_cpp: rosidl_typesupport_fastrtps_cpp;rosidl_typesupport_introspection_cpp
[3.561s] -- Found rclcpp: 21.0.4 (/opt/ros/iron/share/rclcpp/cmake)
[3.561s] -- Found rmw_implementation_cmake: 7.1.0 (/opt/ros/iron/share/rmw_implementation_cmake/cmake)
[3.561s] -- Found rmw_fastrtps_cpp: 7.1.2 (/opt/ros/iron/share/rmw_fastrtps_cpp/cmake)
[3.562s] -- Found OpenSSL: /usr/lib/x86_64-linux-gnu/libcrypto.so (found version "3.0.2")  
[3.562s] -- Found FastRTPS: /opt/ros/iron/include  
[3.562s] -- Using RMW implementation 'rmw_fastrtps_cpp' as default
[3.670s] -- Found rclcpp_components: 21.0.4 (/opt/ros/iron/share/rclcpp_components/cmake)
[4.304s] -- Found std_msgs: 5.0.0 (/opt/ros/iron/share/std_msgs/cmake)
[4.625s] -- Found ament_lint_auto: 0.14.2 (/opt/ros/iron/share/ament_lint_auto/cmake)
[5.105s] -- Added test 'copyright' to check source files copyright and LICENSE
[5.109s] -- Added test 'cppcheck' to perform static code analysis on C / C++ code
[5.111s] -- Configured cppcheck include dirs: /home/randy/Documents/Robotica/workspace/src/examples/rclcpp/wait_set/include
[5.111s] -- Configured cppcheck exclude dirs and/or files: 
[5.122s] -- Added test 'cpplint' to check C / C++ code against the Google style
[5.122s] -- Configured cpplint exclude dirs and/or files: 
[5.132s] -- Added test 'lint_cmake' to check CMake code style
[5.136s] -- Added test 'uncrustify' to check C / C++ code style
[5.136s] -- Configured uncrustify additional arguments: 
[5.137s] -- Added test 'xmllint' to check XML markup files
[5.140s] -- Configuring done
[5.490s] -- Generating done
[5.516s] -- Build files have been written to: /home/randy/Documents/Robotica/workspace/build/examples_rclcpp_wait_set
[5.602s] Invoked command in '/home/randy/Documents/Robotica/workspace/build/examples_rclcpp_wait_set' returned '0': CMAKE_PREFIX_PATH=/opt/ros/iron /usr/bin/cmake /home/randy/Documents/Robotica/workspace/src/examples/rclcpp/wait_set -DAMENT_CMAKE_SYMLINK_INSTALL=1 -DCMAKE_INSTALL_PREFIX=/home/randy/Documents/Robotica/workspace/install/examples_rclcpp_wait_set
[5.603s] Invoking command in '/home/randy/Documents/Robotica/workspace/build/examples_rclcpp_wait_set': CMAKE_PREFIX_PATH=/opt/ros/iron /usr/bin/cmake --build /home/randy/Documents/Robotica/workspace/build/examples_rclcpp_wait_set -- -j12 -l12
[33.971s] [  4%] [32mBuilding CXX object CMakeFiles/wait_set_talker.dir/rclcpp_components/node_main_wait_set_talker.cpp.o[0m
[33.972s] [  8%] [32mBuilding CXX object CMakeFiles/wait_set_listener.dir/rclcpp_components/node_main_wait_set_listener.cpp.o[0m
[33.972s] [ 12%] [32mBuilding CXX object CMakeFiles/listener.dir/src/listener.cpp.o[0m
[33.972s] [ 16%] [32mBuilding CXX object CMakeFiles/talker.dir/src/talker.cpp.o[0m
[33.972s] [ 20%] [32m[1mLinking CXX executable wait_set_listener[0m
[33.972s] [ 20%] Built target wait_set_listener
[33.972s] [ 25%] [32m[1mLinking CXX shared library libtalker.so[0m
[33.973s] [ 25%] Built target talker
[33.973s] [ 29%] [32m[1mLinking CXX executable wait_set_talker[0m
[33.973s] [ 29%] Built target wait_set_talker
[35.345s] [ 33%] [32m[1mLinking CXX shared library liblistener.so[0m
[37.312s] [ 33%] Built target listener
[37.374s] [ 37%] [32mBuilding CXX object CMakeFiles/wait_set_topics_with_different_rates.dir/src/wait_set_topics_with_different_rates.cpp.o[0m
[50.493s] [ 41%] [32m[1mLinking CXX executable wait_set_topics_with_different_rates[0m
[50.984s] [ 41%] Built target wait_set_topics_with_different_rates
[51.004s] [ 45%] [32mBuilding CXX object CMakeFiles/wait_set_composed.dir/src/wait_set_composed.cpp.o[0m
[54.900s] [ 50%] [32m[1mLinking CXX executable wait_set_composed[0m
[55.137s] [ 50%] Built target wait_set_composed
[55.155s] [ 54%] [32mBuilding CXX object CMakeFiles/executor_random_order.dir/src/executor_random_order.cpp.o[0m
[62.697s] [ 58%] [32m[1mLinking CXX executable executor_random_order[0m
[63.085s] [ 58%] Built target executor_random_order
[63.101s] [ 62%] [32mBuilding CXX object CMakeFiles/wait_set_random_order.dir/src/wait_set_random_order.cpp.o[0m
[71.278s] [ 66%] [32m[1mLinking CXX executable wait_set_random_order[0m
[71.679s] [ 66%] Built target wait_set_random_order
[71.697s] [ 70%] [32mBuilding CXX object CMakeFiles/wait_set_topics_and_timer.dir/src/wait_set_topics_and_timer.cpp.o[0m
[79.412s] [ 75%] [32m[1mLinking CXX executable wait_set_topics_and_timer[0m
[79.761s] [ 75%] Built target wait_set_topics_and_timer
[79.779s] [ 87%] [32mBuilding CXX object CMakeFiles/wait_set.dir/src/wait_set.cpp.o[0m
[79.780s] [ 87%] [32mBuilding CXX object CMakeFiles/thread_safe_wait_set.dir/src/thread_safe_wait_set.cpp.o[0m
[79.780s] [ 87%] [32mBuilding CXX object CMakeFiles/static_wait_set.dir/src/static_wait_set.cpp.o[0m
[89.057s] [ 91%] [32m[1mLinking CXX executable static_wait_set[0m
[89.556s] [ 91%] Built target static_wait_set
[89.850s] [ 95%] [32m[1mLinking CXX executable wait_set[0m
[89.870s] [100%] [32m[1mLinking CXX executable thread_safe_wait_set[0m
[90.410s] [100%] Built target wait_set
[90.440s] [100%] Built target thread_safe_wait_set
[90.509s] Invoked command in '/home/randy/Documents/Robotica/workspace/build/examples_rclcpp_wait_set' returned '0': CMAKE_PREFIX_PATH=/opt/ros/iron /usr/bin/cmake --build /home/randy/Documents/Robotica/workspace/build/examples_rclcpp_wait_set -- -j12 -l12
[90.633s] Invoking command in '/home/randy/Documents/Robotica/workspace/build/examples_rclcpp_wait_set': CMAKE_PREFIX_PATH=/opt/ros/iron /usr/bin/cmake --install /home/randy/Documents/Robotica/workspace/build/examples_rclcpp_wait_set
[90.638s] -- Install configuration: ""
[90.638s] -- Execute custom install script
[90.639s] -- Symlinking: /home/randy/Documents/Robotica/workspace/install/examples_rclcpp_wait_set/lib/examples_rclcpp_wait_set/wait_set_talker
[90.646s] -- Symlinking: /home/randy/Documents/Robotica/workspace/install/examples_rclcpp_wait_set/lib/examples_rclcpp_wait_set/wait_set_listener
[90.652s] -- Symlinking: /home/randy/Documents/Robotica/workspace/install/examples_rclcpp_wait_set/lib/libtalker.so
[90.659s] -- Symlinking: /home/randy/Documents/Robotica/workspace/install/examples_rclcpp_wait_set/lib/liblistener.so
[90.666s] -- Symlinking: /home/randy/Documents/Robotica/workspace/install/examples_rclcpp_wait_set/lib/examples_rclcpp_wait_set/wait_set
[90.673s] -- Symlinking: /home/randy/Documents/Robotica/workspace/install/examples_rclcpp_wait_set/lib/examples_rclcpp_wait_set/static_wait_set
[90.680s] -- Symlinking: /home/randy/Documents/Robotica/workspace/install/examples_rclcpp_wait_set/lib/examples_rclcpp_wait_set/thread_safe_wait_set
[90.687s] -- Symlinking: /home/randy/Documents/Robotica/workspace/install/examples_rclcpp_wait_set/lib/examples_rclcpp_wait_set/wait_set_topics_and_timer
[90.694s] -- Symlinking: /home/randy/Documents/Robotica/workspace/install/examples_rclcpp_wait_set/lib/examples_rclcpp_wait_set/wait_set_random_order
[90.700s] -- Symlinking: /home/randy/Documents/Robotica/workspace/install/examples_rclcpp_wait_set/lib/examples_rclcpp_wait_set/executor_random_order
[90.707s] -- Symlinking: /home/randy/Documents/Robotica/workspace/install/examples_rclcpp_wait_set/lib/examples_rclcpp_wait_set/wait_set_topics_with_different_rates
[90.714s] -- Symlinking: /home/randy/Documents/Robotica/workspace/install/examples_rclcpp_wait_set/lib/examples_rclcpp_wait_set/wait_set_composed
[90.721s] -- Symlinking: /home/randy/Documents/Robotica/workspace/install/examples_rclcpp_wait_set/share/ament_index/resource_index/package_run_dependencies/examples_rclcpp_wait_set
[90.728s] -- Symlinking: /home/randy/Documents/Robotica/workspace/install/examples_rclcpp_wait_set/share/ament_index/resource_index/parent_prefix_path/examples_rclcpp_wait_set
[90.734s] -- Symlinking: /home/randy/Documents/Robotica/workspace/install/examples_rclcpp_wait_set/share/examples_rclcpp_wait_set/environment/ament_prefix_path.sh
[90.741s] -- Symlinking: /home/randy/Documents/Robotica/workspace/install/examples_rclcpp_wait_set/share/examples_rclcpp_wait_set/environment/ament_prefix_path.dsv
[90.748s] -- Symlinking: /home/randy/Documents/Robotica/workspace/install/examples_rclcpp_wait_set/share/examples_rclcpp_wait_set/environment/path.sh
[90.755s] -- Symlinking: /home/randy/Documents/Robotica/workspace/install/examples_rclcpp_wait_set/share/examples_rclcpp_wait_set/environment/path.dsv
[90.762s] -- Symlinking: /home/randy/Documents/Robotica/workspace/install/examples_rclcpp_wait_set/share/examples_rclcpp_wait_set/local_setup.bash
[90.768s] -- Symlinking: /home/randy/Documents/Robotica/workspace/install/examples_rclcpp_wait_set/share/examples_rclcpp_wait_set/local_setup.sh
[90.775s] -- Symlinking: /home/randy/Documents/Robotica/workspace/install/examples_rclcpp_wait_set/share/examples_rclcpp_wait_set/local_setup.zsh
[90.783s] -- Symlinking: /home/randy/Documents/Robotica/workspace/install/examples_rclcpp_wait_set/share/examples_rclcpp_wait_set/local_setup.dsv
[90.790s] -- Symlinking: /home/randy/Documents/Robotica/workspace/install/examples_rclcpp_wait_set/share/examples_rclcpp_wait_set/package.dsv
[90.797s] -- Symlinking: /home/randy/Documents/Robotica/workspace/install/examples_rclcpp_wait_set/share/ament_index/resource_index/packages/examples_rclcpp_wait_set
[90.804s] -- Symlinking: /home/randy/Documents/Robotica/workspace/install/examples_rclcpp_wait_set/share/ament_index/resource_index/rclcpp_components/examples_rclcpp_wait_set
[90.811s] -- Symlinking: /home/randy/Documents/Robotica/workspace/install/examples_rclcpp_wait_set/share/examples_rclcpp_wait_set/cmake/examples_rclcpp_wait_setConfig.cmake
[90.817s] -- Symlinking: /home/randy/Documents/Robotica/workspace/install/examples_rclcpp_wait_set/share/examples_rclcpp_wait_set/cmake/examples_rclcpp_wait_setConfig-version.cmake
[90.824s] -- Symlinking: /home/randy/Documents/Robotica/workspace/install/examples_rclcpp_wait_set/share/examples_rclcpp_wait_set/package.xml
[90.833s] Invoked command in '/home/randy/Documents/Robotica/workspace/build/examples_rclcpp_wait_set' returned '0': CMAKE_PREFIX_PATH=/opt/ros/iron /usr/bin/cmake --install /home/randy/Documents/Robotica/workspace/build/examples_rclcpp_wait_set
