[0.509s] Invoking command in '/home/randy/Documents/Robotica/workspace/build/examples_rclcpp_cbg_executor': CMAKE_PREFIX_PATH=/opt/ros/iron /usr/bin/cmake /home/randy/Documents/Robotica/workspace/src/examples/rclcpp/executors/cbg_executor -DAMENT_CMAKE_SYMLINK_INSTALL=1 -DCMAKE_INSTALL_PREFIX=/home/randy/Documents/Robotica/workspace/install/examples_rclcpp_cbg_executor
[0.725s] -- The C compiler identification is GNU 11.4.0
[0.867s] -- The CXX compiler identification is GNU 11.4.0
[0.899s] -- Detecting C compiler ABI info
[1.066s] -- Detecting C compiler ABI info - done
[1.085s] -- Check for working C compiler: /usr/bin/cc - skipped
[1.086s] -- Detecting C compile features
[1.087s] -- Detecting C compile features - done
[1.093s] -- Detecting CXX compiler ABI info
[1.275s] -- Detecting CXX compiler ABI info - done
[1.304s] -- Check for working CXX compiler: /usr/bin/c++ - skipped
[1.305s] -- Detecting CXX compile features
[1.307s] -- Detecting CXX compile features - done
[1.311s] -- Found ament_cmake: 2.0.3 (/opt/ros/iron/share/ament_cmake/cmake)
[1.736s] -- Found Python3: /usr/bin/python3.10 (found version "3.10.12") found components: Interpreter 
[1.888s] -- Override CMake install command with custom implementation using symlinks instead of copying resources
[1.950s] -- Found rclcpp: 21.0.4 (/opt/ros/iron/share/rclcpp/cmake)
[2.054s] -- Found rosidl_generator_c: 4.0.1 (/opt/ros/iron/share/rosidl_generator_c/cmake)
[2.082s] -- Found rosidl_generator_cpp: 4.0.1 (/opt/ros/iron/share/rosidl_generator_cpp/cmake)
[2.126s] -- Using all available rosidl_typesupport_c: rosidl_typesupport_fastrtps_c;rosidl_typesupport_introspection_c
[2.173s] -- Using all available rosidl_typesupport_cpp: rosidl_typesupport_fastrtps_cpp;rosidl_typesupport_introspection_cpp
[2.647s] -- Found rmw_implementation_cmake: 7.1.0 (/opt/ros/iron/share/rmw_implementation_cmake/cmake)
[2.654s] -- Found rmw_fastrtps_cpp: 7.1.2 (/opt/ros/iron/share/rmw_fastrtps_cpp/cmake)
[2.889s] -- Found OpenSSL: /usr/lib/x86_64-linux-gnu/libcrypto.so (found version "3.0.2")  
[2.955s] -- Found FastRTPS: /opt/ros/iron/include  
[3.088s] -- Using RMW implementation 'rmw_fastrtps_cpp' as default
[3.607s] -- Found std_msgs: 5.0.0 (/opt/ros/iron/share/std_msgs/cmake)
[3.697s] -- Found ament_lint_auto: 0.14.2 (/opt/ros/iron/share/ament_lint_auto/cmake)
[3.915s] -- Added test 'copyright' to check source files copyright and LICENSE
[3.920s] -- Added test 'cppcheck' to perform static code analysis on C / C++ code
[3.920s] -- Configured cppcheck include dirs: /home/randy/Documents/Robotica/workspace/src/examples/rclcpp/executors/cbg_executor/include
[3.920s] -- Configured cppcheck exclude dirs and/or files: 
[3.924s] -- Added test 'cpplint' to check C / C++ code against the Google style
[3.924s] -- Configured cpplint exclude dirs and/or files: 
[3.926s] -- Added test 'lint_cmake' to check CMake code style
[3.929s] -- Added test 'uncrustify' to check C / C++ code style
[3.929s] -- Configured uncrustify additional arguments: 
[3.930s] -- Added test 'xmllint' to check XML markup files
[3.934s] -- Configuring done
[3.971s] -- Generating done
[3.975s] -- Build files have been written to: /home/randy/Documents/Robotica/workspace/build/examples_rclcpp_cbg_executor
[4.008s] Invoked command in '/home/randy/Documents/Robotica/workspace/build/examples_rclcpp_cbg_executor' returned '0': CMAKE_PREFIX_PATH=/opt/ros/iron /usr/bin/cmake /home/randy/Documents/Robotica/workspace/src/examples/rclcpp/executors/cbg_executor -DAMENT_CMAKE_SYMLINK_INSTALL=1 -DCMAKE_INSTALL_PREFIX=/home/randy/Documents/Robotica/workspace/install/examples_rclcpp_cbg_executor
[4.016s] Invoking command in '/home/randy/Documents/Robotica/workspace/build/examples_rclcpp_cbg_executor': CMAKE_PREFIX_PATH=/opt/ros/iron /usr/bin/cmake --build /home/randy/Documents/Robotica/workspace/build/examples_rclcpp_cbg_executor -- -j12 -l12
[4.428s] [ 10%] [32mBuilding CXX object CMakeFiles/ping_pong.dir/src/ping_pong.cpp.o[0m
[4.428s] [ 20%] [32mBuilding CXX object CMakeFiles/ping_pong.dir/src/examples_rclcpp_cbg_executor/ping_node.cpp.o[0m
[4.428s] [ 30%] [32mBuilding CXX object CMakeFiles/ping.dir/src/examples_rclcpp_cbg_executor/ping_node.cpp.o[0m
[4.428s] [ 40%] [32mBuilding CXX object CMakeFiles/ping.dir/src/ping.cpp.o[0m
[4.429s] [ 50%] [32mBuilding CXX object CMakeFiles/ping_pong.dir/src/examples_rclcpp_cbg_executor/pong_node.cpp.o[0m
[4.429s] [ 60%] [32mBuilding CXX object CMakeFiles/pong.dir/src/examples_rclcpp_cbg_executor/pong_node.cpp.o[0m
[4.429s] [ 70%] [32mBuilding CXX object CMakeFiles/pong.dir/src/pong.cpp.o[0m
[39.430s] [ 80%] [32m[1mLinking CXX executable ping_pong[0m
[40.425s] [ 90%] [32m[1mLinking CXX executable ping[0m
[41.085s] [ 90%] Built target ping_pong
[41.300s] [100%] [32m[1mLinking CXX executable pong[0m
[41.413s] [100%] Built target ping
[41.975s] [100%] Built target pong
[42.402s] Invoked command in '/home/randy/Documents/Robotica/workspace/build/examples_rclcpp_cbg_executor' returned '0': CMAKE_PREFIX_PATH=/opt/ros/iron /usr/bin/cmake --build /home/randy/Documents/Robotica/workspace/build/examples_rclcpp_cbg_executor -- -j12 -l12
[43.122s] Invoking command in '/home/randy/Documents/Robotica/workspace/build/examples_rclcpp_cbg_executor': CMAKE_PREFIX_PATH=/opt/ros/iron /usr/bin/cmake --install /home/randy/Documents/Robotica/workspace/build/examples_rclcpp_cbg_executor
[43.131s] -- Install configuration: ""
[43.132s] -- Execute custom install script
[43.132s] -- Symlinking: /home/randy/Documents/Robotica/workspace/install/examples_rclcpp_cbg_executor/lib/examples_rclcpp_cbg_executor/ping
[43.141s] -- Symlinking: /home/randy/Documents/Robotica/workspace/install/examples_rclcpp_cbg_executor/lib/examples_rclcpp_cbg_executor/pong
[43.151s] -- Symlinking: /home/randy/Documents/Robotica/workspace/install/examples_rclcpp_cbg_executor/lib/examples_rclcpp_cbg_executor/ping_pong
[43.160s] -- Symlinking: /home/randy/Documents/Robotica/workspace/install/examples_rclcpp_cbg_executor/include/examples_rclcpp_cbg_executor/ping_node.hpp
[43.171s] -- Symlinking: /home/randy/Documents/Robotica/workspace/install/examples_rclcpp_cbg_executor/include/examples_rclcpp_cbg_executor/pong_node.hpp
[43.181s] -- Symlinking: /home/randy/Documents/Robotica/workspace/install/examples_rclcpp_cbg_executor/share/ament_index/resource_index/package_run_dependencies/examples_rclcpp_cbg_executor
[43.191s] -- Symlinking: /home/randy/Documents/Robotica/workspace/install/examples_rclcpp_cbg_executor/share/ament_index/resource_index/parent_prefix_path/examples_rclcpp_cbg_executor
[43.200s] -- Symlinking: /home/randy/Documents/Robotica/workspace/install/examples_rclcpp_cbg_executor/share/examples_rclcpp_cbg_executor/environment/ament_prefix_path.sh
[43.211s] -- Symlinking: /home/randy/Documents/Robotica/workspace/install/examples_rclcpp_cbg_executor/share/examples_rclcpp_cbg_executor/environment/ament_prefix_path.dsv
[43.220s] -- Symlinking: /home/randy/Documents/Robotica/workspace/install/examples_rclcpp_cbg_executor/share/examples_rclcpp_cbg_executor/environment/path.sh
[43.230s] -- Symlinking: /home/randy/Documents/Robotica/workspace/install/examples_rclcpp_cbg_executor/share/examples_rclcpp_cbg_executor/environment/path.dsv
[43.239s] -- Symlinking: /home/randy/Documents/Robotica/workspace/install/examples_rclcpp_cbg_executor/share/examples_rclcpp_cbg_executor/local_setup.bash
[43.249s] -- Symlinking: /home/randy/Documents/Robotica/workspace/install/examples_rclcpp_cbg_executor/share/examples_rclcpp_cbg_executor/local_setup.sh
[43.258s] -- Symlinking: /home/randy/Documents/Robotica/workspace/install/examples_rclcpp_cbg_executor/share/examples_rclcpp_cbg_executor/local_setup.zsh
[43.269s] -- Symlinking: /home/randy/Documents/Robotica/workspace/install/examples_rclcpp_cbg_executor/share/examples_rclcpp_cbg_executor/local_setup.dsv
[43.280s] -- Symlinking: /home/randy/Documents/Robotica/workspace/install/examples_rclcpp_cbg_executor/share/examples_rclcpp_cbg_executor/package.dsv
[43.291s] -- Symlinking: /home/randy/Documents/Robotica/workspace/install/examples_rclcpp_cbg_executor/share/ament_index/resource_index/packages/examples_rclcpp_cbg_executor
[43.309s] -- Symlinking: /home/randy/Documents/Robotica/workspace/install/examples_rclcpp_cbg_executor/share/examples_rclcpp_cbg_executor/cmake/ament_cmake_export_dependencies-extras.cmake
[43.320s] -- Symlinking: /home/randy/Documents/Robotica/workspace/install/examples_rclcpp_cbg_executor/share/examples_rclcpp_cbg_executor/cmake/examples_rclcpp_cbg_executorConfig.cmake
[43.337s] -- Symlinking: /home/randy/Documents/Robotica/workspace/install/examples_rclcpp_cbg_executor/share/examples_rclcpp_cbg_executor/cmake/examples_rclcpp_cbg_executorConfig-version.cmake
[43.361s] -- Symlinking: /home/randy/Documents/Robotica/workspace/install/examples_rclcpp_cbg_executor/share/examples_rclcpp_cbg_executor/package.xml
[43.515s] Invoked command in '/home/randy/Documents/Robotica/workspace/build/examples_rclcpp_cbg_executor' returned '0': CMAKE_PREFIX_PATH=/opt/ros/iron /usr/bin/cmake --install /home/randy/Documents/Robotica/workspace/build/examples_rclcpp_cbg_executor
