[2.833s] Invoking command in '/home/randy/Documents/Robotica/workspace/build/examples_rclpy_minimal_service': PYTHONPATH=/home/randy/Documents/Robotica/workspace/build/examples_rclpy_minimal_service/prefix_override:/home/randy/Documents/Robotica/workspace/install/examples_rclpy_minimal_service/lib/python3.10/site-packages:${PYTHONPATH} /usr/bin/python3 setup.py develop --editable --build-directory /home/randy/Documents/Robotica/workspace/build/examples_rclpy_minimal_service/build --no-deps install_data
[3.188s] running develop
[3.189s] /usr/lib/python3/dist-packages/setuptools/command/easy_install.py:158: EasyInstallDeprecationWarning: easy_install command is deprecated. Use build and pip and other standards-based tools.
[3.189s]   warnings.warn(
[3.192s] /usr/lib/python3/dist-packages/setuptools/command/install.py:34: SetuptoolsDeprecationWarning: setup.py install is deprecated. Use build and pip and other standards-based tools.
[3.192s]   warnings.warn(
[3.427s] running egg_info
[3.427s] creating examples_rclpy_minimal_service.egg-info
[3.427s] writing examples_rclpy_minimal_service.egg-info/PKG-INFO
[3.428s] writing dependency_links to examples_rclpy_minimal_service.egg-info/dependency_links.txt
[3.428s] writing entry points to examples_rclpy_minimal_service.egg-info/entry_points.txt
[3.428s] writing requirements to examples_rclpy_minimal_service.egg-info/requires.txt
[3.428s] writing top-level names to examples_rclpy_minimal_service.egg-info/top_level.txt
[3.429s] writing manifest file 'examples_rclpy_minimal_service.egg-info/SOURCES.txt'
[3.432s] reading manifest file 'examples_rclpy_minimal_service.egg-info/SOURCES.txt'
[3.434s] writing manifest file 'examples_rclpy_minimal_service.egg-info/SOURCES.txt'
[3.436s] running build_ext
[3.436s] Creating /home/randy/Documents/Robotica/workspace/install/examples_rclpy_minimal_service/lib/python3.10/site-packages/examples-rclpy-minimal-service.egg-link (link to .)
[3.437s] Installing service script to /home/randy/Documents/Robotica/workspace/install/examples_rclpy_minimal_service/lib/examples_rclpy_minimal_service
[3.437s] Installing service_member_function script to /home/randy/Documents/Robotica/workspace/install/examples_rclpy_minimal_service/lib/examples_rclpy_minimal_service
[3.438s] 
[3.438s] Installed /home/randy/Documents/Robotica/workspace/build/examples_rclpy_minimal_service
[3.438s] running install_data
[3.438s] creating /home/randy/Documents/Robotica/workspace/install/examples_rclpy_minimal_service/share/ament_index
[3.439s] creating /home/randy/Documents/Robotica/workspace/install/examples_rclpy_minimal_service/share/ament_index/resource_index
[3.439s] creating /home/randy/Documents/Robotica/workspace/install/examples_rclpy_minimal_service/share/ament_index/resource_index/packages
[3.439s] copying resource/examples_rclpy_minimal_service -> /home/randy/Documents/Robotica/workspace/install/examples_rclpy_minimal_service/share/ament_index/resource_index/packages
[3.439s] copying package.xml -> /home/randy/Documents/Robotica/workspace/install/examples_rclpy_minimal_service/share/examples_rclpy_minimal_service
[3.699s] Invoked command in '/home/randy/Documents/Robotica/workspace/build/examples_rclpy_minimal_service' returned '0': PYTHONPATH=/home/randy/Documents/Robotica/workspace/build/examples_rclpy_minimal_service/prefix_override:/home/randy/Documents/Robotica/workspace/install/examples_rclpy_minimal_service/lib/python3.10/site-packages:${PYTHONPATH} /usr/bin/python3 setup.py develop --editable --build-directory /home/randy/Documents/Robotica/workspace/build/examples_rclpy_minimal_service/build --no-deps install_data
