[0.550s] Invoking command in '/home/randy/Documents/Robotica/workspace/build/examples_rclcpp_async_client': CMAKE_PREFIX_PATH=/opt/ros/iron /usr/bin/cmake /home/randy/Documents/Robotica/workspace/src/examples/rclcpp/services/async_client -DAMENT_CMAKE_SYMLINK_INSTALL=1 -DCMAKE_INSTALL_PREFIX=/home/randy/Documents/Robotica/workspace/install/examples_rclcpp_async_client
[0.771s] -- The C compiler identification is GNU 11.4.0
[0.927s] -- The CXX compiler identification is GNU 11.4.0
[0.944s] -- Detecting C compiler ABI info
[1.101s] -- Detecting C compiler ABI info - done
[1.124s] -- Check for working C compiler: /usr/bin/cc - skipped
[1.125s] -- Detecting C compile features
[1.126s] -- Detecting C compile features - done
[1.132s] -- Detecting CXX compiler ABI info
[1.318s] -- Detecting CXX compiler ABI info - done
[1.347s] -- Check for working CXX compiler: /usr/bin/c++ - skipped
[1.349s] -- Detecting CXX compile features
[1.351s] -- Detecting CXX compile features - done
[1.356s] -- Found ament_cmake: 2.0.3 (/opt/ros/iron/share/ament_cmake/cmake)
[1.780s] -- Found Python3: /usr/bin/python3.10 (found version "3.10.12") found components: Interpreter 
[1.944s] -- Override CMake install command with custom implementation using symlinks instead of copying resources
[1.994s] -- Found example_interfaces: 0.10.2 (/opt/ros/iron/share/example_interfaces/cmake)
[2.099s] -- Found rosidl_generator_c: 4.0.1 (/opt/ros/iron/share/rosidl_generator_c/cmake)
[2.127s] -- Found rosidl_generator_cpp: 4.0.1 (/opt/ros/iron/share/rosidl_generator_cpp/cmake)
[2.171s] -- Using all available rosidl_typesupport_c: rosidl_typesupport_fastrtps_c;rosidl_typesupport_introspection_c
[2.218s] -- Using all available rosidl_typesupport_cpp: rosidl_typesupport_fastrtps_cpp;rosidl_typesupport_introspection_cpp
[2.953s] -- Found rclcpp: 21.0.4 (/opt/ros/iron/share/rclcpp/cmake)
[3.254s] -- Found rmw_implementation_cmake: 7.1.0 (/opt/ros/iron/share/rmw_implementation_cmake/cmake)
[3.258s] -- Found rmw_fastrtps_cpp: 7.1.2 (/opt/ros/iron/share/rmw_fastrtps_cpp/cmake)
[3.470s] -- Found OpenSSL: /usr/lib/x86_64-linux-gnu/libcrypto.so (found version "3.0.2")  
[3.537s] -- Found FastRTPS: /opt/ros/iron/include  
[3.636s] -- Using RMW implementation 'rmw_fastrtps_cpp' as default
[4.138s] -- Found ament_lint_auto: 0.14.2 (/opt/ros/iron/share/ament_lint_auto/cmake)
[4.557s] -- Added test 'copyright' to check source files copyright and LICENSE
[4.584s] -- Added test 'cppcheck' to perform static code analysis on C / C++ code
[4.585s] -- Configured cppcheck include dirs: 
[4.586s] -- Configured cppcheck exclude dirs and/or files: 
[4.589s] -- Added test 'cpplint' to check C / C++ code against the Google style
[4.590s] -- Configured cpplint exclude dirs and/or files: 
[4.593s] -- Added test 'lint_cmake' to check CMake code style
[4.596s] -- Added test 'uncrustify' to check C / C++ code style
[4.597s] -- Configured uncrustify additional arguments: 
[4.599s] -- Added test 'xmllint' to check XML markup files
[4.607s] -- Configuring done
[4.691s] -- Generating done
[4.695s] -- Build files have been written to: /home/randy/Documents/Robotica/workspace/build/examples_rclcpp_async_client
[4.739s] Invoked command in '/home/randy/Documents/Robotica/workspace/build/examples_rclcpp_async_client' returned '0': CMAKE_PREFIX_PATH=/opt/ros/iron /usr/bin/cmake /home/randy/Documents/Robotica/workspace/src/examples/rclcpp/services/async_client -DAMENT_CMAKE_SYMLINK_INSTALL=1 -DCMAKE_INSTALL_PREFIX=/home/randy/Documents/Robotica/workspace/install/examples_rclcpp_async_client
[4.751s] Invoking command in '/home/randy/Documents/Robotica/workspace/build/examples_rclcpp_async_client': CMAKE_PREFIX_PATH=/opt/ros/iron /usr/bin/cmake --build /home/randy/Documents/Robotica/workspace/build/examples_rclcpp_async_client -- -j12 -l12
[5.110s] [ 50%] [32mBuilding CXX object CMakeFiles/client_main.dir/main.cpp.o[0m
[35.121s] [100%] [32m[1mLinking CXX executable client_main[0m
[35.926s] [100%] Built target client_main
[35.989s] Invoked command in '/home/randy/Documents/Robotica/workspace/build/examples_rclcpp_async_client' returned '0': CMAKE_PREFIX_PATH=/opt/ros/iron /usr/bin/cmake --build /home/randy/Documents/Robotica/workspace/build/examples_rclcpp_async_client -- -j12 -l12
[36.985s] Invoking command in '/home/randy/Documents/Robotica/workspace/build/examples_rclcpp_async_client': CMAKE_PREFIX_PATH=/opt/ros/iron /usr/bin/cmake --install /home/randy/Documents/Robotica/workspace/build/examples_rclcpp_async_client
[37.512s] -- Install configuration: ""
[37.512s] -- Execute custom install script
[37.512s] -- Symlinking: /home/randy/Documents/Robotica/workspace/install/examples_rclcpp_async_client/lib/examples_rclcpp_async_client/client_main
[37.512s] -- Symlinking: /home/randy/Documents/Robotica/workspace/install/examples_rclcpp_async_client/share/ament_index/resource_index/package_run_dependencies/examples_rclcpp_async_client
[37.512s] -- Symlinking: /home/randy/Documents/Robotica/workspace/install/examples_rclcpp_async_client/share/ament_index/resource_index/parent_prefix_path/examples_rclcpp_async_client
[37.513s] -- Symlinking: /home/randy/Documents/Robotica/workspace/install/examples_rclcpp_async_client/share/examples_rclcpp_async_client/environment/ament_prefix_path.sh
[37.513s] -- Symlinking: /home/randy/Documents/Robotica/workspace/install/examples_rclcpp_async_client/share/examples_rclcpp_async_client/environment/ament_prefix_path.dsv
[37.513s] -- Symlinking: /home/randy/Documents/Robotica/workspace/install/examples_rclcpp_async_client/share/examples_rclcpp_async_client/environment/path.sh
[37.513s] -- Symlinking: /home/randy/Documents/Robotica/workspace/install/examples_rclcpp_async_client/share/examples_rclcpp_async_client/environment/path.dsv
[37.513s] -- Symlinking: /home/randy/Documents/Robotica/workspace/install/examples_rclcpp_async_client/share/examples_rclcpp_async_client/local_setup.bash
[37.513s] -- Symlinking: /home/randy/Documents/Robotica/workspace/install/examples_rclcpp_async_client/share/examples_rclcpp_async_client/local_setup.sh
[37.514s] -- Symlinking: /home/randy/Documents/Robotica/workspace/install/examples_rclcpp_async_client/share/examples_rclcpp_async_client/local_setup.zsh
[37.514s] -- Symlinking: /home/randy/Documents/Robotica/workspace/install/examples_rclcpp_async_client/share/examples_rclcpp_async_client/local_setup.dsv
[37.514s] -- Symlinking: /home/randy/Documents/Robotica/workspace/install/examples_rclcpp_async_client/share/examples_rclcpp_async_client/package.dsv
[37.514s] -- Symlinking: /home/randy/Documents/Robotica/workspace/install/examples_rclcpp_async_client/share/ament_index/resource_index/packages/examples_rclcpp_async_client
[37.514s] -- Symlinking: /home/randy/Documents/Robotica/workspace/install/examples_rclcpp_async_client/share/examples_rclcpp_async_client/cmake/examples_rclcpp_async_clientConfig.cmake
[37.514s] -- Symlinking: /home/randy/Documents/Robotica/workspace/install/examples_rclcpp_async_client/share/examples_rclcpp_async_client/cmake/examples_rclcpp_async_clientConfig-version.cmake
[37.526s] -- Symlinking: /home/randy/Documents/Robotica/workspace/install/examples_rclcpp_async_client/share/examples_rclcpp_async_client/package.xml
[39.134s] Invoked command in '/home/randy/Documents/Robotica/workspace/build/examples_rclcpp_async_client' returned '0': CMAKE_PREFIX_PATH=/opt/ros/iron /usr/bin/cmake --install /home/randy/Documents/Robotica/workspace/build/examples_rclcpp_async_client
