[0.131s] Invoking command in '/home/randy/Documents/Robotica/workspace/build/examples_rclcpp_multithreaded_executor': CMAKE_PREFIX_PATH=/opt/ros/iron /usr/bin/cmake /home/randy/Documents/Robotica/workspace/src/examples/rclcpp/executors/multithreaded_executor -DAMENT_CMAKE_SYMLINK_INSTALL=1 -DCMAKE_INSTALL_PREFIX=/home/randy/Documents/Robotica/workspace/install/examples_rclcpp_multithreaded_executor
[3.591s] -- The C compiler identification is GNU 11.4.0
[3.592s] -- The CXX compiler identification is GNU 11.4.0
[3.592s] -- Detecting C compiler ABI info
[3.593s] -- Detecting C compiler ABI info - done
[3.593s] -- Check for working C compiler: /usr/bin/cc - skipped
[3.593s] -- Detecting C compile features
[3.594s] -- Detecting C compile features - done
[3.595s] -- Detecting CXX compiler ABI info
[3.595s] -- Detecting CXX compiler ABI info - done
[3.596s] -- Check for working CXX compiler: /usr/bin/c++ - skipped
[3.596s] -- Detecting CXX compile features
[3.596s] -- Detecting CXX compile features - done
[3.596s] -- Found ament_cmake: 2.0.3 (/opt/ros/iron/share/ament_cmake/cmake)
[3.596s] -- Found Python3: /usr/bin/python3.10 (found version "3.10.12") found components: Interpreter 
[3.596s] -- Override CMake install command with custom implementation using symlinks instead of copying resources
[3.596s] -- Found rclcpp: 21.0.4 (/opt/ros/iron/share/rclcpp/cmake)
[3.596s] -- Found rosidl_generator_c: 4.0.1 (/opt/ros/iron/share/rosidl_generator_c/cmake)
[3.597s] -- Found rosidl_generator_cpp: 4.0.1 (/opt/ros/iron/share/rosidl_generator_cpp/cmake)
[3.597s] -- Using all available rosidl_typesupport_c: rosidl_typesupport_fastrtps_c;rosidl_typesupport_introspection_c
[3.597s] -- Using all available rosidl_typesupport_cpp: rosidl_typesupport_fastrtps_cpp;rosidl_typesupport_introspection_cpp
[3.597s] -- Found rmw_implementation_cmake: 7.1.0 (/opt/ros/iron/share/rmw_implementation_cmake/cmake)
[3.597s] -- Found rmw_fastrtps_cpp: 7.1.2 (/opt/ros/iron/share/rmw_fastrtps_cpp/cmake)
[3.597s] -- Found OpenSSL: /usr/lib/x86_64-linux-gnu/libcrypto.so (found version "3.0.2")  
[3.597s] -- Found FastRTPS: /opt/ros/iron/include  
[3.598s] -- Using RMW implementation 'rmw_fastrtps_cpp' as default
[3.598s] -- Found std_msgs: 5.0.0 (/opt/ros/iron/share/std_msgs/cmake)
[3.598s] -- Found ament_lint_auto: 0.14.2 (/opt/ros/iron/share/ament_lint_auto/cmake)
[3.598s] -- Added test 'copyright' to check source files copyright and LICENSE
[3.598s] -- Added test 'cppcheck' to perform static code analysis on C / C++ code
[3.598s] -- Configured cppcheck include dirs: 
[3.598s] -- Configured cppcheck exclude dirs and/or files: 
[3.599s] -- Added test 'cpplint' to check C / C++ code against the Google style
[3.599s] -- Configured cpplint exclude dirs and/or files: 
[3.599s] -- Added test 'lint_cmake' to check CMake code style
[3.599s] -- Added test 'uncrustify' to check C / C++ code style
[3.599s] -- Configured uncrustify additional arguments: 
[3.599s] -- Added test 'xmllint' to check XML markup files
[3.599s] -- Configuring done
[3.600s] -- Generating done
[3.600s] -- Build files have been written to: /home/randy/Documents/Robotica/workspace/build/examples_rclcpp_multithreaded_executor
[3.611s] Invoked command in '/home/randy/Documents/Robotica/workspace/build/examples_rclcpp_multithreaded_executor' returned '0': CMAKE_PREFIX_PATH=/opt/ros/iron /usr/bin/cmake /home/randy/Documents/Robotica/workspace/src/examples/rclcpp/executors/multithreaded_executor -DAMENT_CMAKE_SYMLINK_INSTALL=1 -DCMAKE_INSTALL_PREFIX=/home/randy/Documents/Robotica/workspace/install/examples_rclcpp_multithreaded_executor
[3.612s] Invoking command in '/home/randy/Documents/Robotica/workspace/build/examples_rclcpp_multithreaded_executor': CMAKE_PREFIX_PATH=/opt/ros/iron /usr/bin/cmake --build /home/randy/Documents/Robotica/workspace/build/examples_rclcpp_multithreaded_executor -- -j12 -l12
[4.307s] [ 50%] [32mBuilding CXX object CMakeFiles/multithreaded_executor.dir/multithreaded_executor.cpp.o[0m
[41.297s] [100%] [32m[1mLinking CXX executable multithreaded_executor[0m
[41.966s] [100%] Built target multithreaded_executor
[42.105s] Invoked command in '/home/randy/Documents/Robotica/workspace/build/examples_rclcpp_multithreaded_executor' returned '0': CMAKE_PREFIX_PATH=/opt/ros/iron /usr/bin/cmake --build /home/randy/Documents/Robotica/workspace/build/examples_rclcpp_multithreaded_executor -- -j12 -l12
[42.889s] Invoking command in '/home/randy/Documents/Robotica/workspace/build/examples_rclcpp_multithreaded_executor': CMAKE_PREFIX_PATH=/opt/ros/iron /usr/bin/cmake --install /home/randy/Documents/Robotica/workspace/build/examples_rclcpp_multithreaded_executor
[43.104s] -- Install configuration: ""
[43.105s] -- Execute custom install script
[43.105s] -- Symlinking: /home/randy/Documents/Robotica/workspace/install/examples_rclcpp_multithreaded_executor/lib/examples_rclcpp_multithreaded_executor/multithreaded_executor
[43.105s] -- Symlinking: /home/randy/Documents/Robotica/workspace/install/examples_rclcpp_multithreaded_executor/share/ament_index/resource_index/package_run_dependencies/examples_rclcpp_multithreaded_executor
[43.105s] -- Symlinking: /home/randy/Documents/Robotica/workspace/install/examples_rclcpp_multithreaded_executor/share/ament_index/resource_index/parent_prefix_path/examples_rclcpp_multithreaded_executor
[43.106s] -- Symlinking: /home/randy/Documents/Robotica/workspace/install/examples_rclcpp_multithreaded_executor/share/examples_rclcpp_multithreaded_executor/environment/ament_prefix_path.sh
[43.106s] -- Symlinking: /home/randy/Documents/Robotica/workspace/install/examples_rclcpp_multithreaded_executor/share/examples_rclcpp_multithreaded_executor/environment/ament_prefix_path.dsv
[43.106s] -- Symlinking: /home/randy/Documents/Robotica/workspace/install/examples_rclcpp_multithreaded_executor/share/examples_rclcpp_multithreaded_executor/environment/path.sh
[43.106s] -- Symlinking: /home/randy/Documents/Robotica/workspace/install/examples_rclcpp_multithreaded_executor/share/examples_rclcpp_multithreaded_executor/environment/path.dsv
[43.106s] -- Symlinking: /home/randy/Documents/Robotica/workspace/install/examples_rclcpp_multithreaded_executor/share/examples_rclcpp_multithreaded_executor/local_setup.bash
[43.106s] -- Symlinking: /home/randy/Documents/Robotica/workspace/install/examples_rclcpp_multithreaded_executor/share/examples_rclcpp_multithreaded_executor/local_setup.sh
[43.107s] -- Symlinking: /home/randy/Documents/Robotica/workspace/install/examples_rclcpp_multithreaded_executor/share/examples_rclcpp_multithreaded_executor/local_setup.zsh
[43.107s] -- Symlinking: /home/randy/Documents/Robotica/workspace/install/examples_rclcpp_multithreaded_executor/share/examples_rclcpp_multithreaded_executor/local_setup.dsv
[43.107s] -- Symlinking: /home/randy/Documents/Robotica/workspace/install/examples_rclcpp_multithreaded_executor/share/examples_rclcpp_multithreaded_executor/package.dsv
[43.107s] -- Symlinking: /home/randy/Documents/Robotica/workspace/install/examples_rclcpp_multithreaded_executor/share/ament_index/resource_index/packages/examples_rclcpp_multithreaded_executor
[43.113s] -- Symlinking: /home/randy/Documents/Robotica/workspace/install/examples_rclcpp_multithreaded_executor/share/examples_rclcpp_multithreaded_executor/cmake/examples_rclcpp_multithreaded_executorConfig.cmake
[43.146s] -- Symlinking: /home/randy/Documents/Robotica/workspace/install/examples_rclcpp_multithreaded_executor/share/examples_rclcpp_multithreaded_executor/cmake/examples_rclcpp_multithreaded_executorConfig-version.cmake
[43.146s] -- Symlinking: /home/randy/Documents/Robotica/workspace/install/examples_rclcpp_multithreaded_executor/share/examples_rclcpp_multithreaded_executor/package.xml
[43.929s] Invoked command in '/home/randy/Documents/Robotica/workspace/build/examples_rclcpp_multithreaded_executor' returned '0': CMAKE_PREFIX_PATH=/opt/ros/iron /usr/bin/cmake --install /home/randy/Documents/Robotica/workspace/build/examples_rclcpp_multithreaded_executor
